timestamp: 2011-03-02T00:54:55.335613
CREATE TABLE auth_user(
    id INTEGER PRIMARY KEY AUTOINCREMENT,
    first_name CHAR(128),
    last_name CHAR(128),
    email CHAR(512),
    password CHAR(512),
    registration_key CHAR(512),
    reset_password_key CHAR(512)
);
success!
timestamp: 2011-03-02T00:54:55.345194
CREATE TABLE auth_group(
    id INTEGER PRIMARY KEY AUTOINCREMENT,
    role CHAR(512),
    description TEXT
);
success!
timestamp: 2011-03-02T00:54:55.349905
CREATE TABLE auth_membership(
    id INTEGER PRIMARY KEY AUTOINCREMENT,
    user_id INTEGER REFERENCES auth_user(id) ON DELETE CASCADE,
    group_id INTEGER REFERENCES auth_group(id) ON DELETE CASCADE
);
success!
timestamp: 2011-03-02T00:54:55.355003
CREATE TABLE auth_permission(
    id INTEGER PRIMARY KEY AUTOINCREMENT,
    group_id INTEGER REFERENCES auth_group(id) ON DELETE CASCADE,
    name CHAR(512),
    table_name CHAR(512),
    record_id INTEGER
);
success!
timestamp: 2011-03-02T00:54:55.359509
CREATE TABLE auth_event(
    id INTEGER PRIMARY KEY AUTOINCREMENT,
    time_stamp TIMESTAMP,
    client_ip CHAR(512),
    user_id INTEGER REFERENCES auth_user(id) ON DELETE CASCADE,
    origin CHAR(512),
    description TEXT
);
success!
timestamp: 2011-06-18T00:18:32.460636
CREATE TABLE auth_cas(
    id INTEGER PRIMARY KEY AUTOINCREMENT,
    user_id INTEGER REFERENCES auth_user(id) ON DELETE CASCADE,
    created_on TIMESTAMP,
    url CHAR(512),
    uuid CHAR(512)
);
success!
timestamp: 2011-06-18T00:19:31.233534
CREATE TABLE empleados(
    id INTEGER PRIMARY KEY AUTOINCREMENT,
    documento CHAR(512),
    nombre CHAR(512),
    apellido CHAR(512),
    foto CHAR(512),
    domicilio CHAR(512),
    telefono CHAR(512)
);
success!
timestamp: 2011-06-18T00:30:08.274579
ALTER TABLE empleados ADD fecha_load DATE;
timestamp: 2011-06-18T00:30:08.289852
CREATE TABLE clientes(
    id INTEGER PRIMARY KEY AUTOINCREMENT,
    documento CHAR(512),
    nombre CHAR(512),
    apellido CHAR(512),
    foto CHAR(512),
    domicilio CHAR(512),
    telefono CHAR(512),
    fecha_load DATE
);
success!
timestamp: 2011-06-18T00:30:08.293788
CREATE TABLE peliculas(
    id INTEGER PRIMARY KEY AUTOINCREMENT,
    titulo CHAR(512),
    genero CHAR(512),
    anio INTEGER,
    sinopsis TEXT,
    unidades INTEGER
);
success!
timestamp: 2011-06-18T00:31:12.751099
CREATE TABLE prestamos(
    id INTEGER PRIMARY KEY AUTOINCREMENT,
    titulo INTEGER REFERENCES peliculas(id) ON DELETE CASCADE,
    cliente INTEGER REFERENCES clientes(id) ON DELETE CASCADE,
    empleado INTEGER REFERENCES empleados(id) ON DELETE CASCADE,
    fecha TIMESTAMP,
    devol TIMESTAMP
);
success!
timestamp: 2011-06-18T00:33:08.644711
ALTER TABLE peliculas ADD tapa CHAR(512);
timestamp: 2011-06-18T00:34:42.383512
ALTER TABLE peliculas ADD fecha_ing DATE;
timestamp: 2011-06-18T00:40:15.774315
ALTER TABLE prestamos ADD costo INTEGER;
timestamp: 2011-06-18T00:42:58.177784
ALTER TABLE prestamos ADD mora INTEGER;
